{"/Users/macbookpro/enxsys/tracking-sheet-backend/src/app.js": {"path":"/Users/macbookpro/enxsys/tracking-sheet-backend/src/app.js","statementMap":{"0":{"start":{"line":1,"column":16},"end":{"line":1,"column":34}},"1":{"start":{"line":2,"column":15},"end":{"line":2,"column":32}},"2":{"start":{"line":3,"column":13},"end":{"line":3,"column":28}},"3":{"start":{"line":4,"column":20},"end":{"line":4,"column":42}},"4":{"start":{"line":5,"column":15},"end":{"line":5,"column":32}},"5":{"start":{"line":6,"column":12},"end":{"line":6,"column":26}},"6":{"start":{"line":7,"column":18},"end":{"line":7,"column":47}},"7":{"start":{"line":8,"column":25},"end":{"line":8,"column":65}},"8":{"start":{"line":9,"column":15},"end":{"line":9,"column":41}},"9":{"start":{"line":10,"column":18},"end":{"line":10,"column":47}},"10":{"start":{"line":11,"column":20},"end":{"line":11,"column":47}},"11":{"start":{"line":13,"column":12},"end":{"line":13,"column":21}},"12":{"start":{"line":16,"column":0},"end":{"line":16,"column":18}},"13":{"start":{"line":17,"column":0},"end":{"line":17,"column":16}},"14":{"start":{"line":18,"column":0},"end":{"line":18,"column":15}},"15":{"start":{"line":21,"column":16},"end":{"line":24,"column":2}},"16":{"start":{"line":25,"column":0},"end":{"line":25,"column":17}},"17":{"start":{"line":28,"column":0},"end":{"line":28,"column":23}},"18":{"start":{"line":29,"column":0},"end":{"line":29,"column":23}},"19":{"start":{"line":30,"column":0},"end":{"line":30,"column":24}},"20":{"start":{"line":31,"column":0},"end":{"line":31,"column":48}},"21":{"start":{"line":34,"column":0},"end":{"line":34,"column":27}},"22":{"start":{"line":37,"column":0},"end":{"line":37,"column":71}},"23":{"start":{"line":40,"column":0},"end":{"line":40,"column":22}},"24":{"start":{"line":42,"column":0},"end":{"line":42,"column":21}}},"fnMap":{},"branchMap":{},"s":{"0":2,"1":2,"2":2,"3":2,"4":2,"5":2,"6":2,"7":2,"8":2,"9":2,"10":2,"11":2,"12":2,"13":2,"14":2,"15":2,"16":2,"17":2,"18":2,"19":2,"20":2,"21":2,"22":2,"23":2,"24":2},"f":{},"b":{},"_coverageSchema":"1a1c01bbd47fc00a2c39e90264f33305004495a9","hash":"a8f6a1b943412bfab9607a0743337c9c9654cca6"}
,"/Users/macbookpro/enxsys/tracking-sheet-backend/src/config/database.js": {"path":"/Users/macbookpro/enxsys/tracking-sheet-backend/src/config/database.js","statementMap":{"0":{"start":{"line":1,"column":22},"end":{"line":1,"column":42}},"1":{"start":{"line":2,"column":0},"end":{"line":2,"column":27}},"2":{"start":{"line":4,"column":15},"end":{"line":27,"column":1}},"3":{"start":{"line":29,"column":12},"end":{"line":29,"column":49}},"4":{"start":{"line":30,"column":18},"end":{"line":30,"column":44}},"5":{"start":{"line":32,"column":0},"end":{"line":32,"column":27}}},"fnMap":{},"branchMap":{"0":{"loc":{"start":{"line":29,"column":12},"end":{"line":29,"column":49}},"type":"binary-expr","locations":[{"start":{"line":29,"column":12},"end":{"line":29,"column":32}},{"start":{"line":29,"column":36},"end":{"line":29,"column":49}}],"line":29}},"s":{"0":2,"1":2,"2":2,"3":2,"4":2,"5":2},"f":{},"b":{"0":[2,0]},"_coverageSchema":"1a1c01bbd47fc00a2c39e90264f33305004495a9","hash":"f90cd66d3feb4c30cb022d79b2499a59806e2f7f"}
,"/Users/macbookpro/enxsys/tracking-sheet-backend/src/config/swagger.js": {"path":"/Users/macbookpro/enxsys/tracking-sheet-backend/src/config/swagger.js","statementMap":{"0":{"start":{"line":1,"column":21},"end":{"line":1,"column":45}},"1":{"start":{"line":3,"column":16},"end":{"line":28,"column":1}},"2":{"start":{"line":30,"column":0},"end":{"line":30,"column":39}}},"fnMap":{},"branchMap":{},"s":{"0":2,"1":2,"2":2},"f":{},"b":{},"_coverageSchema":"1a1c01bbd47fc00a2c39e90264f33305004495a9","hash":"3a8aa8a00fc3564dd2c634bfd1581e6cc7dfb94d"}
,"/Users/macbookpro/enxsys/tracking-sheet-backend/src/controllers/auth.controller.js": {"path":"/Users/macbookpro/enxsys/tracking-sheet-backend/src/controllers/auth.controller.js","statementMap":{"0":{"start":{"line":1,"column":12},"end":{"line":1,"column":35}},"1":{"start":{"line":2,"column":15},"end":{"line":2,"column":34}},"2":{"start":{"line":3,"column":13},"end":{"line":3,"column":44}},"3":{"start":{"line":5,"column":17},"end":{"line":30,"column":1}},"4":{"start":{"line":6,"column":2},"end":{"line":29,"column":3}},"5":{"start":{"line":7,"column":23},"end":{"line":7,"column":79}},"6":{"start":{"line":8,"column":4},"end":{"line":10,"column":5}},"7":{"start":{"line":9,"column":6},"end":{"line":9,"column":75}},"8":{"start":{"line":12,"column":17},"end":{"line":12,"column":44}},"9":{"start":{"line":13,"column":18},"end":{"line":15,"column":6}},"10":{"start":{"line":17,"column":38},"end":{"line":17,"column":51}},"11":{"start":{"line":19,"column":4},"end":{"line":23,"column":7}},"12":{"start":{"line":25,"column":4},"end":{"line":28,"column":7}},"13":{"start":{"line":32,"column":14},"end":{"line":58,"column":1}},"14":{"start":{"line":33,"column":2},"end":{"line":57,"column":3}},"15":{"start":{"line":34,"column":32},"end":{"line":34,"column":40}},"16":{"start":{"line":35,"column":17},"end":{"line":35,"column":57}},"17":{"start":{"line":37,"column":4},"end":{"line":39,"column":5}},"18":{"start":{"line":38,"column":6},"end":{"line":38,"column":70}},"19":{"start":{"line":41,"column":18},"end":{"line":43,"column":6}},"20":{"start":{"line":45,"column":41},"end":{"line":45,"column":54}},"21":{"start":{"line":47,"column":4},"end":{"line":51,"column":7}},"22":{"start":{"line":53,"column":4},"end":{"line":56,"column":7}},"23":{"start":{"line":60,"column":0},"end":{"line":63,"column":2}}},"fnMap":{"0":{"name":"(anonymous_0)","decl":{"start":{"line":5,"column":17},"end":{"line":5,"column":18}},"loc":{"start":{"line":5,"column":37},"end":{"line":30,"column":1}},"line":5},"1":{"name":"(anonymous_1)","decl":{"start":{"line":32,"column":14},"end":{"line":32,"column":15}},"loc":{"start":{"line":32,"column":34},"end":{"line":58,"column":1}},"line":32}},"branchMap":{"0":{"loc":{"start":{"line":8,"column":4},"end":{"line":10,"column":5}},"type":"if","locations":[{"start":{"line":8,"column":4},"end":{"line":10,"column":5}},{"start":{},"end":{}}],"line":8},"1":{"loc":{"start":{"line":37,"column":4},"end":{"line":39,"column":5}},"type":"if","locations":[{"start":{"line":37,"column":4},"end":{"line":39,"column":5}},{"start":{},"end":{}}],"line":37},"2":{"loc":{"start":{"line":37,"column":8},"end":{"line":37,"column":65}},"type":"binary-expr","locations":[{"start":{"line":37,"column":8},"end":{"line":37,"column":13}},{"start":{"line":37,"column":17},"end":{"line":37,"column":65}}],"line":37}},"s":{"0":2,"1":2,"2":2,"3":2,"4":1,"5":1,"6":1,"7":0,"8":1,"9":1,"10":1,"11":1,"12":0,"13":2,"14":0,"15":0,"16":0,"17":0,"18":0,"19":0,"20":0,"21":0,"22":0,"23":2},"f":{"0":1,"1":0},"b":{"0":[0,1],"1":[0,0],"2":[0,0]},"_coverageSchema":"1a1c01bbd47fc00a2c39e90264f33305004495a9","hash":"a02fff597ac2c6d4a2c4e1487a4245c8343f21e4"}
,"/Users/macbookpro/enxsys/tracking-sheet-backend/src/controllers/user.controller.js": {"path":"/Users/macbookpro/enxsys/tracking-sheet-backend/src/controllers/user.controller.js","statementMap":{"0":{"start":{"line":1,"column":13},"end":{"line":1,"column":44}},"1":{"start":{"line":3,"column":20},"end":{"line":12,"column":1}},"2":{"start":{"line":4,"column":2},"end":{"line":11,"column":3}},"3":{"start":{"line":5,"column":18},"end":{"line":7,"column":6}},"4":{"start":{"line":8,"column":4},"end":{"line":8,"column":45}},"5":{"start":{"line":10,"column":4},"end":{"line":10,"column":69}},"6":{"start":{"line":14,"column":20},"end":{"line":26,"column":1}},"7":{"start":{"line":15,"column":2},"end":{"line":25,"column":3}},"8":{"start":{"line":16,"column":17},"end":{"line":18,"column":6}},"9":{"start":{"line":19,"column":4},"end":{"line":21,"column":5}},"10":{"start":{"line":20,"column":6},"end":{"line":20,"column":65}},"11":{"start":{"line":22,"column":4},"end":{"line":22,"column":44}},"12":{"start":{"line":24,"column":4},"end":{"line":24,"column":69}},"13":{"start":{"line":28,"column":19},"end":{"line":42,"column":1}},"14":{"start":{"line":29,"column":2},"end":{"line":41,"column":3}},"15":{"start":{"line":30,"column":17},"end":{"line":30,"column":51}},"16":{"start":{"line":31,"column":4},"end":{"line":33,"column":5}},"17":{"start":{"line":32,"column":6},"end":{"line":32,"column":65}},"18":{"start":{"line":35,"column":4},"end":{"line":35,"column":32}},"19":{"start":{"line":36,"column":38},"end":{"line":36,"column":51}},"20":{"start":{"line":38,"column":4},"end":{"line":38,"column":48}},"21":{"start":{"line":40,"column":4},"end":{"line":40,"column":69}},"22":{"start":{"line":44,"column":19},"end":{"line":56,"column":1}},"23":{"start":{"line":45,"column":2},"end":{"line":55,"column":3}},"24":{"start":{"line":46,"column":17},"end":{"line":46,"column":51}},"25":{"start":{"line":47,"column":4},"end":{"line":49,"column":5}},"26":{"start":{"line":48,"column":6},"end":{"line":48,"column":65}},"27":{"start":{"line":51,"column":4},"end":{"line":51,"column":25}},"28":{"start":{"line":52,"column":4},"end":{"line":52,"column":70}},"29":{"start":{"line":54,"column":4},"end":{"line":54,"column":69}},"30":{"start":{"line":58,"column":0},"end":{"line":63,"column":2}}},"fnMap":{"0":{"name":"(anonymous_0)","decl":{"start":{"line":3,"column":20},"end":{"line":3,"column":21}},"loc":{"start":{"line":3,"column":40},"end":{"line":12,"column":1}},"line":3},"1":{"name":"(anonymous_1)","decl":{"start":{"line":14,"column":20},"end":{"line":14,"column":21}},"loc":{"start":{"line":14,"column":40},"end":{"line":26,"column":1}},"line":14},"2":{"name":"(anonymous_2)","decl":{"start":{"line":28,"column":19},"end":{"line":28,"column":20}},"loc":{"start":{"line":28,"column":39},"end":{"line":42,"column":1}},"line":28},"3":{"name":"(anonymous_3)","decl":{"start":{"line":44,"column":19},"end":{"line":44,"column":20}},"loc":{"start":{"line":44,"column":39},"end":{"line":56,"column":1}},"line":44}},"branchMap":{"0":{"loc":{"start":{"line":19,"column":4},"end":{"line":21,"column":5}},"type":"if","locations":[{"start":{"line":19,"column":4},"end":{"line":21,"column":5}},{"start":{},"end":{}}],"line":19},"1":{"loc":{"start":{"line":31,"column":4},"end":{"line":33,"column":5}},"type":"if","locations":[{"start":{"line":31,"column":4},"end":{"line":33,"column":5}},{"start":{},"end":{}}],"line":31},"2":{"loc":{"start":{"line":47,"column":4},"end":{"line":49,"column":5}},"type":"if","locations":[{"start":{"line":47,"column":4},"end":{"line":49,"column":5}},{"start":{},"end":{}}],"line":47}},"s":{"0":2,"1":2,"2":1,"3":1,"4":1,"5":0,"6":2,"7":1,"8":1,"9":1,"10":0,"11":1,"12":0,"13":2,"14":1,"15":1,"16":1,"17":0,"18":1,"19":1,"20":1,"21":0,"22":2,"23":0,"24":0,"25":0,"26":0,"27":0,"28":0,"29":0,"30":2},"f":{"0":1,"1":1,"2":1,"3":0},"b":{"0":[0,1],"1":[0,1],"2":[0,0]},"_coverageSchema":"1a1c01bbd47fc00a2c39e90264f33305004495a9","hash":"2f6af9328a2805edb396af27ddb26deb6fd157bd"}
,"/Users/macbookpro/enxsys/tracking-sheet-backend/src/middleware/auth.middleware.js": {"path":"/Users/macbookpro/enxsys/tracking-sheet-backend/src/middleware/auth.middleware.js","statementMap":{"0":{"start":{"line":1,"column":12},"end":{"line":1,"column":35}},"1":{"start":{"line":2,"column":13},"end":{"line":2,"column":44}},"2":{"start":{"line":4,"column":23},"end":{"line":25,"column":1}},"3":{"start":{"line":5,"column":2},"end":{"line":24,"column":3}},"4":{"start":{"line":6,"column":18},"end":{"line":6,"column":58}},"5":{"start":{"line":8,"column":4},"end":{"line":10,"column":5}},"6":{"start":{"line":9,"column":6},"end":{"line":9,"column":74}},"7":{"start":{"line":12,"column":20},"end":{"line":12,"column":61}},"8":{"start":{"line":14,"column":17},"end":{"line":14,"column":48}},"9":{"start":{"line":16,"column":4},"end":{"line":18,"column":5}},"10":{"start":{"line":17,"column":6},"end":{"line":17,"column":65}},"11":{"start":{"line":20,"column":4},"end":{"line":20,"column":20}},"12":{"start":{"line":21,"column":4},"end":{"line":21,"column":11}},"13":{"start":{"line":23,"column":4},"end":{"line":23,"column":62}},"14":{"start":{"line":27,"column":16},"end":{"line":33,"column":1}},"15":{"start":{"line":28,"column":2},"end":{"line":32,"column":3}},"16":{"start":{"line":29,"column":4},"end":{"line":29,"column":11}},"17":{"start":{"line":31,"column":4},"end":{"line":31,"column":63}},"18":{"start":{"line":35,"column":15},"end":{"line":41,"column":1}},"19":{"start":{"line":36,"column":2},"end":{"line":40,"column":3}},"20":{"start":{"line":37,"column":4},"end":{"line":37,"column":11}},"21":{"start":{"line":39,"column":4},"end":{"line":39,"column":62}},"22":{"start":{"line":43,"column":23},"end":{"line":56,"column":1}},"23":{"start":{"line":44,"column":2},"end":{"line":55,"column":3}},"24":{"start":{"line":50,"column":4},"end":{"line":50,"column":11}},"25":{"start":{"line":52,"column":4},"end":{"line":54,"column":7}},"26":{"start":{"line":58,"column":0},"end":{"line":63,"column":2}}},"fnMap":{"0":{"name":"(anonymous_0)","decl":{"start":{"line":4,"column":23},"end":{"line":4,"column":24}},"loc":{"start":{"line":4,"column":49},"end":{"line":25,"column":1}},"line":4},"1":{"name":"(anonymous_1)","decl":{"start":{"line":27,"column":16},"end":{"line":27,"column":17}},"loc":{"start":{"line":27,"column":36},"end":{"line":33,"column":1}},"line":27},"2":{"name":"(anonymous_2)","decl":{"start":{"line":35,"column":15},"end":{"line":35,"column":16}},"loc":{"start":{"line":35,"column":35},"end":{"line":41,"column":1}},"line":35},"3":{"name":"(anonymous_3)","decl":{"start":{"line":43,"column":23},"end":{"line":43,"column":24}},"loc":{"start":{"line":43,"column":43},"end":{"line":56,"column":1}},"line":43}},"branchMap":{"0":{"loc":{"start":{"line":8,"column":4},"end":{"line":10,"column":5}},"type":"if","locations":[{"start":{"line":8,"column":4},"end":{"line":10,"column":5}},{"start":{},"end":{}}],"line":8},"1":{"loc":{"start":{"line":16,"column":4},"end":{"line":18,"column":5}},"type":"if","locations":[{"start":{"line":16,"column":4},"end":{"line":18,"column":5}},{"start":{},"end":{}}],"line":16},"2":{"loc":{"start":{"line":28,"column":2},"end":{"line":32,"column":3}},"type":"if","locations":[{"start":{"line":28,"column":2},"end":{"line":32,"column":3}},{"start":{"line":30,"column":9},"end":{"line":32,"column":3}}],"line":28},"3":{"loc":{"start":{"line":28,"column":6},"end":{"line":28,"column":43}},"type":"binary-expr","locations":[{"start":{"line":28,"column":6},"end":{"line":28,"column":14}},{"start":{"line":28,"column":18},"end":{"line":28,"column":43}}],"line":28},"4":{"loc":{"start":{"line":36,"column":2},"end":{"line":40,"column":3}},"type":"if","locations":[{"start":{"line":36,"column":2},"end":{"line":40,"column":3}},{"start":{"line":38,"column":9},"end":{"line":40,"column":3}}],"line":36},"5":{"loc":{"start":{"line":36,"column":6},"end":{"line":36,"column":73}},"type":"binary-expr","locations":[{"start":{"line":36,"column":6},"end":{"line":36,"column":14}},{"start":{"line":36,"column":19},"end":{"line":36,"column":43}},{"start":{"line":36,"column":47},"end":{"line":36,"column":72}}],"line":36},"6":{"loc":{"start":{"line":44,"column":2},"end":{"line":55,"column":3}},"type":"if","locations":[{"start":{"line":44,"column":2},"end":{"line":55,"column":3}},{"start":{"line":51,"column":9},"end":{"line":55,"column":3}}],"line":44},"7":{"loc":{"start":{"line":45,"column":4},"end":{"line":48,"column":5}},"type":"binary-expr","locations":[{"start":{"line":45,"column":4},"end":{"line":45,"column":12}},{"start":{"line":46,"column":6},"end":{"line":46,"column":31}},{"start":{"line":47,"column":6},"end":{"line":47,"column":45}}],"line":45}},"s":{"0":2,"1":2,"2":2,"3":5,"4":5,"5":5,"6":0,"7":5,"8":5,"9":5,"10":0,"11":5,"12":5,"13":0,"14":2,"15":2,"16":1,"17":1,"18":2,"19":0,"20":0,"21":0,"22":2,"23":3,"24":2,"25":1,"26":2},"f":{"0":5,"1":2,"2":0,"3":3},"b":{"0":[0,5],"1":[0,5],"2":[1,1],"3":[2,2],"4":[0,0],"5":[0,0,0],"6":[2,1],"7":[3,3,3]},"_coverageSchema":"1a1c01bbd47fc00a2c39e90264f33305004495a9","hash":"e4fd0d2dfe300491fccc51ce9a798df6c64c03b5"}
,"/Users/macbookpro/enxsys/tracking-sheet-backend/src/middleware/error.middleware.js": {"path":"/Users/macbookpro/enxsys/tracking-sheet-backend/src/middleware/error.middleware.js","statementMap":{"0":{"start":{"line":1,"column":21},"end":{"line":11,"column":1}},"1":{"start":{"line":2,"column":21},"end":{"line":2,"column":42}},"2":{"start":{"line":4,"column":2},"end":{"line":10,"column":5}},"3":{"start":{"line":13,"column":0},"end":{"line":15,"column":2}}},"fnMap":{"0":{"name":"(anonymous_0)","decl":{"start":{"line":1,"column":21},"end":{"line":1,"column":22}},"loc":{"start":{"line":1,"column":46},"end":{"line":11,"column":1}},"line":1}},"branchMap":{"0":{"loc":{"start":{"line":2,"column":21},"end":{"line":2,"column":42}},"type":"binary-expr","locations":[{"start":{"line":2,"column":21},"end":{"line":2,"column":35}},{"start":{"line":2,"column":39},"end":{"line":2,"column":42}}],"line":2},"1":{"loc":{"start":{"line":7,"column":15},"end":{"line":7,"column":53}},"type":"binary-expr","locations":[{"start":{"line":7,"column":15},"end":{"line":7,"column":26}},{"start":{"line":7,"column":30},"end":{"line":7,"column":53}}],"line":7},"2":{"loc":{"start":{"line":8,"column":10},"end":{"line":8,"column":72}},"type":"binary-expr","locations":[{"start":{"line":8,"column":10},"end":{"line":8,"column":48}},{"start":{"line":8,"column":52},"end":{"line":8,"column":72}}],"line":8}},"s":{"0":2,"1":0,"2":0,"3":2},"f":{"0":0},"b":{"0":[0,0],"1":[0,0],"2":[0,0]},"_coverageSchema":"1a1c01bbd47fc00a2c39e90264f33305004495a9","hash":"3551e14d39b30871ad6d81e05df2539cc4ca334e"}
,"/Users/macbookpro/enxsys/tracking-sheet-backend/src/models/user.model.js": {"path":"/Users/macbookpro/enxsys/tracking-sheet-backend/src/models/user.model.js","statementMap":{"0":{"start":{"line":1,"column":22},"end":{"line":1,"column":42}},"1":{"start":{"line":2,"column":15},"end":{"line":2,"column":34}},"2":{"start":{"line":3,"column":18},"end":{"line":3,"column":47}},"3":{"start":{"line":5,"column":13},"end":{"line":101,"column":2}},"4":{"start":{"line":91,"column":6},"end":{"line":93,"column":7}},"5":{"start":{"line":92,"column":8},"end":{"line":92,"column":61}},"6":{"start":{"line":96,"column":6},"end":{"line":98,"column":7}},"7":{"start":{"line":97,"column":8},"end":{"line":97,"column":61}},"8":{"start":{"line":103,"column":0},"end":{"line":103,"column":22}}},"fnMap":{"0":{"name":"(anonymous_0)","decl":{"start":{"line":90,"column":18},"end":{"line":90,"column":19}},"loc":{"start":{"line":90,"column":34},"end":{"line":94,"column":5}},"line":90},"1":{"name":"(anonymous_1)","decl":{"start":{"line":95,"column":18},"end":{"line":95,"column":19}},"loc":{"start":{"line":95,"column":34},"end":{"line":99,"column":5}},"line":95}},"branchMap":{"0":{"loc":{"start":{"line":91,"column":6},"end":{"line":93,"column":7}},"type":"if","locations":[{"start":{"line":91,"column":6},"end":{"line":93,"column":7}},{"start":{},"end":{}}],"line":91},"1":{"loc":{"start":{"line":96,"column":6},"end":{"line":98,"column":7}},"type":"if","locations":[{"start":{"line":96,"column":6},"end":{"line":98,"column":7}},{"start":{},"end":{}}],"line":96}},"s":{"0":2,"1":2,"2":2,"3":2,"4":11,"5":11,"6":1,"7":0,"8":2},"f":{"0":11,"1":1},"b":{"0":[11,0],"1":[0,1]},"_coverageSchema":"1a1c01bbd47fc00a2c39e90264f33305004495a9","hash":"1463dacd78e8da769a68c223f009caf5c1d8332c"}
,"/Users/macbookpro/enxsys/tracking-sheet-backend/src/routes/api/v1/admin.routes.js": {"path":"/Users/macbookpro/enxsys/tracking-sheet-backend/src/routes/api/v1/admin.routes.js","statementMap":{"0":{"start":{"line":1,"column":16},"end":{"line":1,"column":34}},"1":{"start":{"line":2,"column":15},"end":{"line":2,"column":31}},"2":{"start":{"line":6,"column":4},"end":{"line":6,"column":50}},"3":{"start":{"line":8,"column":0},"end":{"line":8,"column":27}},"4":{"start":{"line":9,"column":0},"end":{"line":9,"column":20}},"5":{"start":{"line":12,"column":0},"end":{"line":12,"column":24}}},"fnMap":{},"branchMap":{},"s":{"0":2,"1":2,"2":2,"3":2,"4":2,"5":2},"f":{},"b":{},"_coverageSchema":"1a1c01bbd47fc00a2c39e90264f33305004495a9","hash":"9dc7f29cadab8ba3a3a27465d2f3a68b6a7ab120"}
,"/Users/macbookpro/enxsys/tracking-sheet-backend/src/routes/api/v1/auth.routes.js": {"path":"/Users/macbookpro/enxsys/tracking-sheet-backend/src/routes/api/v1/auth.routes.js","statementMap":{"0":{"start":{"line":1,"column":16},"end":{"line":1,"column":34}},"1":{"start":{"line":2,"column":15},"end":{"line":2,"column":31}},"2":{"start":{"line":3,"column":28},"end":{"line":3,"column":75}},"3":{"start":{"line":54,"column":0},"end":{"line":54,"column":35}},"4":{"start":{"line":84,"column":0},"end":{"line":84,"column":29}},"5":{"start":{"line":86,"column":0},"end":{"line":86,"column":24}}},"fnMap":{},"branchMap":{},"s":{"0":2,"1":2,"2":2,"3":2,"4":2,"5":2},"f":{},"b":{},"_coverageSchema":"1a1c01bbd47fc00a2c39e90264f33305004495a9","hash":"52b4f24a0f542beb24b37d57ae335b4fe09be97f"}
,"/Users/macbookpro/enxsys/tracking-sheet-backend/src/routes/api/v1/index.js": {"path":"/Users/macbookpro/enxsys/tracking-sheet-backend/src/routes/api/v1/index.js","statementMap":{"0":{"start":{"line":1,"column":16},"end":{"line":1,"column":34}},"1":{"start":{"line":2,"column":15},"end":{"line":2,"column":31}},"2":{"start":{"line":3,"column":19},"end":{"line":3,"column":43}},"3":{"start":{"line":4,"column":19},"end":{"line":4,"column":43}},"4":{"start":{"line":5,"column":20},"end":{"line":5,"column":45}},"5":{"start":{"line":7,"column":0},"end":{"line":7,"column":32}},"6":{"start":{"line":8,"column":0},"end":{"line":8,"column":33}},"7":{"start":{"line":9,"column":0},"end":{"line":9,"column":34}},"8":{"start":{"line":11,"column":0},"end":{"line":11,"column":24}}},"fnMap":{},"branchMap":{},"s":{"0":2,"1":2,"2":2,"3":2,"4":2,"5":2,"6":2,"7":2,"8":2},"f":{},"b":{},"_coverageSchema":"1a1c01bbd47fc00a2c39e90264f33305004495a9","hash":"ffd6bf8f3e9ed44a838a6336aa361c4a0766bafa"}
,"/Users/macbookpro/enxsys/tracking-sheet-backend/src/routes/api/v1/user.routes.js": {"path":"/Users/macbookpro/enxsys/tracking-sheet-backend/src/routes/api/v1/user.routes.js","statementMap":{"0":{"start":{"line":1,"column":16},"end":{"line":1,"column":34}},"1":{"start":{"line":2,"column":15},"end":{"line":2,"column":31}},"2":{"start":{"line":8,"column":4},"end":{"line":8,"column":50}},"3":{"start":{"line":14,"column":4},"end":{"line":14,"column":51}},"4":{"start":{"line":16,"column":0},"end":{"line":16,"column":27}},"5":{"start":{"line":18,"column":0},"end":{"line":18,"column":38}},"6":{"start":{"line":19,"column":0},"end":{"line":19,"column":43}},"7":{"start":{"line":21,"column":0},"end":{"line":21,"column":48}},"8":{"start":{"line":22,"column":0},"end":{"line":22,"column":47}},"9":{"start":{"line":102,"column":0},"end":{"line":102,"column":24}}},"fnMap":{},"branchMap":{},"s":{"0":2,"1":2,"2":2,"3":2,"4":2,"5":2,"6":2,"7":2,"8":2,"9":2},"f":{},"b":{},"_coverageSchema":"1a1c01bbd47fc00a2c39e90264f33305004495a9","hash":"ac44e22abc9f9733fc86c44daeb2f8979fffd861"}
}
